  main.cpp
main.obj : error LNK2001: неразрешенный внешний символ ""__declspec(dllimport) public: static class sf::RenderStates const sf::RenderStates::Default" (__imp_?Default@RenderStates@sf@@2V12@B)"
main.obj : error LNK2001: неразрешенный внешний символ ""__declspec(dllimport) public: static class sf::Color const sf::Color::White" (__imp_?White@Color@sf@@2V12@B)"
main.obj : error LNK2001: неразрешенный внешний символ ""__declspec(dllimport) public: void __thiscall sf::Transformable::setScale(class sf::Vector2<float> const &)" (__imp_?setScale@Transformable@sf@@QAEXABV?$Vector2@M@2@@Z)"
main.obj : error LNK2001: неразрешенный внешний символ ""__declspec(dllimport) public: void __thiscall sf::Transformable::setPosition(class sf::Vector2<float> const &)" (__imp_?setPosition@Transformable@sf@@QAEXABV?$Vector2@M@2@@Z)"
main.obj : error LNK2001: неразрешенный внешний символ ""__declspec(dllimport) public: bool __thiscall sf::Texture::loadFromImage(class sf::Image const &,class sf::Rect<int> const &)" (__imp_?loadFromImage@Texture@sf@@QAE_NABVImage@2@ABV?$Rect@H@2@@Z)"
main.obj : error LNK2001: неразрешенный внешний символ ""__declspec(dllimport) public: __thiscall sf::Texture::~Texture(void)" (__imp_??1Texture@sf@@QAE@XZ)"
main.obj : error LNK2001: неразрешенный внешний символ ""__declspec(dllimport) public: __thiscall sf::Texture::Texture(void)" (__imp_??0Texture@sf@@QAE@XZ)"
main.obj : error LNK2001: неразрешенный внешний символ ""__declspec(dllimport) public: bool __thiscall sf::Font::loadFromFile(class std::basic_string<char,struct std::char_traits<char>,class std::allocator<char> > const &)" (__imp_?loadFromFile@Font@sf@@QAE_NABV?$basic_string@DU?$char_traits@D@std@@V?$allocator@D@2@@std@@@Z)"
main.obj : error LNK2001: неразрешенный внешний символ ""__declspec(dllimport) public: __thiscall sf::Font::~Font(void)" (__imp_??1Font@sf@@QAE@XZ)"
main.obj : error LNK2001: неразрешенный внешний символ ""__declspec(dllimport) public: __thiscall sf::Font::Font(void)" (__imp_??0Font@sf@@QAE@XZ)"
main.obj : error LNK2001: неразрешенный внешний символ ""__declspec(dllimport) public: __thiscall sf::Font::Font(class sf::Font const &)" (__imp_??0Font@sf@@QAE@ABV01@@Z)"
main.obj : error LNK2001: неразрешенный внешний символ ""__declspec(dllimport) public: virtual __thiscall sf::RenderWindow::~RenderWindow(void)" (__imp_??1RenderWindow@sf@@UAE@XZ)"
main.obj : error LNK2001: неразрешенный внешний символ ""__declspec(dllimport) public: __thiscall sf::RenderWindow::RenderWindow(class sf::VideoMode,class sf::String const &,unsigned int,struct sf::ContextSettings const &)" (__imp_??0RenderWindow@sf@@QAE@VVideoMode@1@ABVString@1@IABUContextSettings@1@@Z)"
main.obj : error LNK2001: неразрешенный внешний символ ""__declspec(dllimport) public: __thiscall sf::Color::Color(unsigned char,unsigned char,unsigned char,unsigned char)" (__imp_??0Color@sf@@QAE@EEEE@Z)"
main.obj : error LNK2001: неразрешенный внешний символ ""__declspec(dllimport) public: bool __thiscall sf::Image::loadFromFile(class std::basic_string<char,struct std::char_traits<char>,class std::allocator<char> > const &)" (__imp_?loadFromFile@Image@sf@@QAE_NABV?$basic_string@DU?$char_traits@D@std@@V?$allocator@D@2@@std@@@Z)"
main.obj : error LNK2001: неразрешенный внешний символ ""__declspec(dllimport) public: __thiscall sf::Image::~Image(void)" (__imp_??1Image@sf@@QAE@XZ)"
main.obj : error LNK2001: неразрешенный внешний символ ""__declspec(dllimport) public: __thiscall sf::Image::Image(void)" (__imp_??0Image@sf@@QAE@XZ)"
main.obj : error LNK2001: неразрешенный внешний символ ""__declspec(dllimport) public: static class sf::Color const sf::Color::Black" (__imp_?Black@Color@sf@@2V12@B)"
main.obj : error LNK2001: неразрешенный внешний символ ""__declspec(dllimport) public: void __thiscall sf::Window::display(void)" (__imp_?display@Window@sf@@QAEXXZ)"
main.obj : error LNK2001: неразрешенный внешний символ ""__declspec(dllimport) public: bool __thiscall sf::Window::pollEvent(class sf::Event &)" (__imp_?pollEvent@Window@sf@@QAE_NAAVEvent@2@@Z)"
main.obj : error LNK2001: неразрешенный внешний символ ""__declspec(dllimport) public: bool __thiscall sf::Window::isOpen(void)const " (__imp_?isOpen@Window@sf@@QBE_NXZ)"
main.obj : error LNK2001: неразрешенный внешний символ ""__declspec(dllimport) public: void __thiscall sf::Window::close(void)" (__imp_?close@Window@sf@@QAEXXZ)"
main.obj : error LNK2001: неразрешенный внешний символ ""__declspec(dllimport) public: void __thiscall sf::RenderTarget::draw(class sf::Drawable const &,class sf::RenderStates const &)" (__imp_?draw@RenderTarget@sf@@QAEXABVDrawable@2@ABVRenderStates@2@@Z)"
main.obj : error LNK2001: неразрешенный внешний символ ""__declspec(dllimport) public: void __thiscall sf::RenderTarget::clear(class sf::Color const &)" (__imp_?clear@RenderTarget@sf@@QAEXABVColor@2@@Z)"
main.obj : error LNK2001: неразрешенный внешний символ ""__declspec(dllimport) public: class sf::Rect<float> __thiscall sf::Shape::getGlobalBounds(void)const " (__imp_?getGlobalBounds@Shape@sf@@QBE?AV?$Rect@M@2@XZ)"
main.obj : error LNK2001: неразрешенный внешний символ ""__declspec(dllimport) public: void __thiscall sf::Shape::setOutlineThickness(float)" (__imp_?setOutlineThickness@Shape@sf@@QAEXM@Z)"
main.obj : error LNK2001: неразрешенный внешний символ ""__declspec(dllimport) public: void __thiscall sf::Shape::setOutlineColor(class sf::Color const &)" (__imp_?setOutlineColor@Shape@sf@@QAEXABVColor@2@@Z)"
main.obj : error LNK2001: неразрешенный внешний символ ""__declspec(dllimport) public: void __thiscall sf::Shape::setFillColor(class sf::Color const &)" (__imp_?setFillColor@Shape@sf@@QAEXABVColor@2@@Z)"
main.obj : error LNK2001: неразрешенный внешний символ ""__declspec(dllimport) public: __thiscall sf::String::String(char const *,class std::locale const &)" (__imp_??0String@sf@@QAE@PBDABVlocale@std@@@Z)"
main.obj : error LNK2001: неразрешенный внешний символ ""__declspec(dllimport) public: __thiscall sf::String::String(class std::basic_string<char,struct std::char_traits<char>,class std::allocator<char> > const &,class std::locale const &)" (__imp_??0String@sf@@QAE@ABV?$basic_string@DU?$char_traits@D@std@@V?$allocator@D@2@@std@@ABVlocale@3@@Z)"
main.obj : error LNK2001: неразрешенный внешний символ ""__declspec(dllimport) public: void __thiscall sf::RectangleShape::setSize(class sf::Vector2<float> const &)" (__imp_?setSize@RectangleShape@sf@@QAEXABV?$Vector2@M@2@@Z)"
main.obj : error LNK2001: неразрешенный внешний символ ""__declspec(dllimport) public: __thiscall sf::RectangleShape::RectangleShape(class sf::Vector2<float> const &)" (__imp_??0RectangleShape@sf@@QAE@ABV?$Vector2@M@1@@Z)"
main.obj : error LNK2001: неразрешенный внешний символ ""__declspec(dllimport) public: __thiscall sf::VideoMode::VideoMode(unsigned int,unsigned int,unsigned int)" (__imp_??0VideoMode@sf@@QAE@III@Z)"
main.obj : error LNK2001: неразрешенный внешний символ ""__declspec(dllimport) public: void __thiscall sf::Sprite::setTexture(class sf::Texture const &,bool)" (__imp_?setTexture@Sprite@sf@@QAEXABVTexture@2@_N@Z)"
main.obj : error LNK2001: неразрешенный внешний символ ""__declspec(dllimport) public: __thiscall sf::Sprite::Sprite(void)" (__imp_??0Sprite@sf@@QAE@XZ)"
main.obj : error LNK2001: неразрешенный внешний символ ""__declspec(dllimport) public: void __thiscall sf::Text::setFillColor(class sf::Color const &)" (__imp_?setFillColor@Text@sf@@QAEXABVColor@2@@Z)"
main.obj : error LNK2001: неразрешенный внешний символ ""__declspec(dllimport) public: void __thiscall sf::Text::setCharacterSize(unsigned int)" (__imp_?setCharacterSize@Text@sf@@QAEXI@Z)"
main.obj : error LNK2001: неразрешенный внешний символ ""__declspec(dllimport) public: void __thiscall sf::Text::setFont(class sf::Font const &)" (__imp_?setFont@Text@sf@@QAEXABVFont@2@@Z)"
main.obj : error LNK2001: неразрешенный внешний символ ""__declspec(dllimport) public: void __thiscall sf::Text::setString(class sf::String const &)" (__imp_?setString@Text@sf@@QAEXABVString@2@@Z)"
main.obj : error LNK2001: неразрешенный внешний символ ""__declspec(dllimport) public: __thiscall sf::Text::Text(void)" (__imp_??0Text@sf@@QAE@XZ)"
main.obj : error LNK2001: неразрешенный внешний символ ""__declspec(dllimport) public: static class sf::Vector2<int> __cdecl sf::Mouse::getPosition(class sf::Window const &)" (__imp_?getPosition@Mouse@sf@@SA?AV?$Vector2@H@2@ABVWindow@2@@Z)"
main.obj : error LNK2001: неразрешенный внешний символ ""__declspec(dllimport) public: static bool __cdecl sf::Mouse::isButtonPressed(enum sf::Mouse::Button)" (__imp_?isButtonPressed@Mouse@sf@@SA_NW4Button@12@@Z)"
main.obj : error LNK2001: неразрешенный внешний символ ""__declspec(dllimport) public: __thiscall sf::Text::Text(class sf::Text const &)" (__imp_??0Text@sf@@QAE@ABV01@@Z)"
main.obj : error LNK2001: неразрешенный внешний символ ""__declspec(dllimport) public: __thiscall sf::String::~String(void)" (__imp_??1String@sf@@QAE@XZ)"
main.obj : error LNK2001: неразрешенный внешний символ ""__declspec(dllimport) public: virtual __thiscall sf::Text::~Text(void)" (__imp_??1Text@sf@@UAE@XZ)"
main.obj : error LNK2001: неразрешенный внешний символ ""__declspec(dllimport) public: __thiscall sf::RectangleShape::RectangleShape(class sf::RectangleShape const &)" (__imp_??0RectangleShape@sf@@QAE@ABV01@@Z)"
main.obj : error LNK2001: неразрешенный внешний символ ""__declspec(dllimport) public: virtual __thiscall sf::RectangleShape::~RectangleShape(void)" (__imp_??1RectangleShape@sf@@UAE@XZ)"
main.obj : error LNK2001: неразрешенный внешний символ ""__declspec(dllimport) public: __thiscall sf::Sprite::Sprite(class sf::Sprite const &)" (__imp_??0Sprite@sf@@QAE@ABV01@@Z)"
main.obj : error LNK2001: неразрешенный внешний символ ""__declspec(dllimport) public: virtual __thiscall sf::Sprite::~Sprite(void)" (__imp_??1Sprite@sf@@UAE@XZ)"
C:\dev\MobileSmart\Release\MobileSmart.exe : fatal error LNK1120: неразрешенных внешних элементов: 49
